  Bezier.cpp
c:\users\michael\documents\visual studio 2015\projects\opengl\math-bezier\bezier\bezier.cpp(128): warning C4018: '<': signed/unsigned mismatch
c:\users\michael\documents\visual studio 2015\projects\opengl\math-bezier\bezier\bezier.cpp(137): warning C4018: '<': signed/unsigned mismatch
c:\users\michael\documents\visual studio 2015\projects\opengl\math-bezier\bezier\bezier.cpp(150): warning C4018: '<': signed/unsigned mismatch
c:\users\michael\documents\visual studio 2015\projects\opengl\math-bezier\bezier\bezier.cpp(160): warning C4018: '<': signed/unsigned mismatch
c:\users\michael\documents\visual studio 2015\projects\opengl\math-bezier\bezier\bezier.cpp(183): warning C4018: '<': signed/unsigned mismatch
c:\users\michael\documents\visual studio 2015\projects\opengl\math-bezier\bezier\bezier.cpp(190): warning C4018: '<=': signed/unsigned mismatch
c:\users\michael\documents\visual studio 2015\projects\opengl\math-bezier\bezier\bezier.cpp(192): warning C4018: '<=': signed/unsigned mismatch
c:\users\michael\documents\visual studio 2015\projects\opengl\math-bezier\bezier\bezier.cpp(212): warning C4018: '<': signed/unsigned mismatch
c:\users\michael\documents\visual studio 2015\projects\opengl\math-bezier\bezier\bezier.cpp(224): warning C4018: '<': signed/unsigned mismatch
c:\users\michael\documents\visual studio 2015\projects\opengl\math-bezier\bezier\bezier.cpp(573): warning C4018: '<': signed/unsigned mismatch
c:\users\michael\documents\visual studio 2015\projects\opengl\math-bezier\bezier\bezier.cpp(578): warning C4018: '<': signed/unsigned mismatch
c:\users\michael\documents\visual studio 2015\projects\opengl\math-bezier\bezier\bezier.cpp(605): warning C4018: '<': signed/unsigned mismatch
c:\users\michael\documents\visual studio 2015\projects\opengl\math-bezier\bezier\bezier.cpp(611): warning C4018: '<': signed/unsigned mismatch
c:\users\michael\documents\visual studio 2015\projects\opengl\math-bezier\bezier\bezier.cpp(619): warning C4244: 'initializing': conversion from 'double' to 'float', possible loss of data
c:\users\michael\documents\visual studio 2015\projects\opengl\math-bezier\bezier\bezier.cpp(620): warning C4018: '<': signed/unsigned mismatch
c:\users\michael\documents\visual studio 2015\projects\opengl\math-bezier\bezier\bezier.cpp(631): warning C4018: '<': signed/unsigned mismatch
c:\users\michael\documents\visual studio 2015\projects\opengl\math-bezier\bezier\bezier.cpp(654): warning C4018: '<': signed/unsigned mismatch
c:\users\michael\documents\visual studio 2015\projects\opengl\math-bezier\bezier\bezier.cpp(666): warning C4018: '<': signed/unsigned mismatch
c:\users\michael\documents\visual studio 2015\projects\opengl\math-bezier\bezier\bezier.cpp(690): warning C4018: '<': signed/unsigned mismatch
c:\users\michael\documents\visual studio 2015\projects\opengl\math-bezier\bezier\bezier.cpp(697): warning C4018: '<=': signed/unsigned mismatch
c:\users\michael\documents\visual studio 2015\projects\opengl\math-bezier\bezier\bezier.cpp(699): warning C4018: '<=': signed/unsigned mismatch
  Bezier.vcxproj -> C:\Users\Michael\Documents\Visual Studio 2015\Projects\OpenGL\Debug\Bezier.exe
  Bezier.vcxproj -> C:\Users\Michael\Documents\Visual Studio 2015\Projects\OpenGL\Debug\Bezier.pdb (Full PDB)
